0 info it worked if it ends with ok
1 verbose cli [ 'node', '/usr/local/bin/npm', 'install', 'websocket' ]
2 info using npm@1.1.65
3 info using node@v0.8.14
4 verbose read json /Users/didierplaindoux/OpenProjects/package.json
5 verbose read json /Users/didierplaindoux/OpenProjects/node_modules/requirejs/package.json
6 verbose read json /Users/didierplaindoux/OpenProjects/package.json
7 verbose cache add [ 'websocket', null ]
8 silly cache add name=undefined spec="websocket" args=["websocket",null]
9 verbose parsed url { pathname: 'websocket', path: 'websocket', href: 'websocket' }
10 silly lockFile 67c371fd-websocket websocket
11 verbose lock websocket /Users/didierplaindoux/.npm/67c371fd-websocket.lock
12 silly lockFile 67c371fd-websocket websocket
13 verbose addNamed [ 'websocket', '' ]
14 verbose addNamed [ null, '' ]
15 silly lockFile 75462c75-websocket websocket@
16 verbose lock websocket@ /Users/didierplaindoux/.npm/75462c75-websocket.lock
17 silly addNameRange { name: 'websocket', range: '', hasData: false }
18 verbose url raw websocket
19 verbose url resolving [ 'https://registry.npmjs.org/', './websocket' ]
20 verbose url resolved https://registry.npmjs.org/websocket
21 info trying registry request attempt 1 at 05:54:11
22 http GET https://registry.npmjs.org/websocket
23 info retry will retry, error on last attempt: Error: tunneling socket could not be established, cause=connect ETIMEDOUT
24 info trying registry request attempt 2 at 05:55:36
25 http GET https://registry.npmjs.org/websocket
26 info retry will retry, error on last attempt: Error: tunneling socket could not be established, cause=connect ETIMEDOUT
27 info trying registry request attempt 3 at 05:57:52
28 http GET https://registry.npmjs.org/websocket
29 silly lockFile 75462c75-websocket websocket@
30 error Error: tunneling socket could not be established, cause=connect ETIMEDOUT
30 error     at ClientRequest.onError (/usr/local/lib/node_modules/npm/node_modules/request/tunnel.js:161:17)
30 error     at ClientRequest.g (events.js:192:14)
30 error     at ClientRequest.EventEmitter.emit (events.js:96:17)
30 error     at Socket.socketErrorListener (http.js:1331:9)
30 error     at Socket.EventEmitter.emit (events.js:96:17)
30 error     at Socket._destroy.self.errorEmitted (net.js:328:14)
30 error     at process.startup.processNextTick.process._tickCallback (node.js:244:9)
31 error If you need help, you may report this log at:
31 error     <http://github.com/isaacs/npm/issues>
31 error or email it to:
31 error     <npm-@googlegroups.com>
32 error System Darwin 11.4.2
33 error command "node" "/usr/local/bin/npm" "install" "websocket"
34 error cwd /Users/didierplaindoux/OpenProjects/MyProjects/wolfgang/org.wolfgang/org.wolfgang.contrail-js
35 error node -v v0.8.14
36 error npm -v 1.1.65
37 error code ECONNRESET
38 verbose exit [ 1, true ]
