#
# A fatal error has been detected by the Java Runtime Environment:
#
#  SIGSEGV (0xb) at pc=0x0000000105cfbdee, pid=16507, tid=7171
#
# JRE version: 8.0
# Java VM: OpenJDK 64-Bit Server VM (24.0-b04 mixed mode bsd-amd64 compressed oops)
# Problematic frame:
# V  [libjvm.dylib+0x3fbdee]
#
# Failed to write core dump. Core dumps have been disabled. To enable core dumping, try "ulimit -c unlimited" before starting Java again
#
# If you would like to submit a bug report, please visit:
#   http://bugreport.sun.com/bugreport/crash.jsp
#

---------------  T H R E A D  ---------------

Current thread (0x00007fa4db000000):  JavaThread "main" [_thread_in_vm, id=7171, stack(0x0000000106398000,0x0000000106498000)]

siginfo:si_signo=SIGSEGV: si_errno=0, si_code=0 (SEGV0), si_addr=0x0000000000000000

Registers:
RAX=0x00000007a8581018, RBX=0x0000000106495598, RCX=0x001a00050000007f, RDX=0x0000000000000082
RSP=0x0000000106495520, RBP=0x0000000106495550, RSI=0x0000000000000113, RDI=0x00007fa4d96000b0
R8 =0x00007fa4db000000, R9 =0x00000001064954b8, R10=0x0000000000000081, R11=0x0000000075d466c6
R12=0x0000000000000000, R13=0x0000000000000000, R14=0x0000000000000000, R15=0x00000001064955c0
RIP=0x0000000105cfbdee, EFLAGS=0x0000000000010202, ERR=0x0000000000000000
  TRAPNO=0x000000000000000d

Top of Stack: (sp=0x0000000106495520)
0x0000000106495520:   0000000000000083 00007fa4db000000
0x0000000106495530:   00007fa4d96005f8 0000000000000000
0x0000000106495540:   0000000106495598 00000007a8579a78
0x0000000106495550:   0000000106495580 0000000105cfc734
0x0000000106495560:   00000007a8579a68 00007fa4d96005f8
0x0000000106495570:   00007fa4db000000 00000007a8579a78
0x0000000106495580:   0000000106495600 0000000105cfc8a2
0x0000000106495590:   00007fff000000a2 00007fa4d96005f8
0x00000001064955a0:   00007fa4d9600620 00007fa4d9600618
0x00000001064955b0:   0000000100000083 00007fa4d9600190
0x00000001064955c0:   00007fa400000000 00007fa4d96003a0
0x00000001064955d0:   0000000100000041 00000007a8581018
0x00000001064955e0:   00007fa4d96000b0 00007fa4d9600180
0x00000001064955f0:   00007fa4d9600190 00007fa4d9600568
0x0000000106495600:   0000000106495640 0000000105b5f8bd
0x0000000106495610:   00007fa4d9600618 00007fa4d9600620
0x0000000106495620:   00007fa4db000000 0000000106495700
0x0000000106495630:   00007fa4d96005e0 0000000000000001
0x0000000106495640:   00000001064957e0 0000000105b5fe92
0x0000000106495650:   00007fa4d9600660 00007fa4db000110
0x0000000106495660:   0100000106495690 00007fa4d96005e0
0x0000000106495670:   00007fa4db000000 0000000105c95b4a
0x0000000106495680:   00007fa4db000000 0000000106b968a0
0x0000000106495690:   00007fa4d9600658 00000000000000a4
0x00000001064956a0:   00000000018ea606 00007fa4db000000
0x00000001064956b0:   00007fa4d9602c50 00007fa4d9602cb0
0x00000001064956c0:   00007fa4d9602e90 00007fa4d9601244
0x00000001064956d0:   00007fa4d9601260 0000000200000003
0x00000001064956e0:   00007fa4db000000 00007fa4d96005e0
0x00000001064956f0:   0000000000000001 0000000105a89001
0x0000000106495700:   00007fa4db000000 00007fa4d96000d0
0x0000000106495710:   00007fa4d9600570 00007fa4d96005f8 

Instructions: (pc=0x0000000105cfbdee)
0x0000000105cfbdce:   e4 48 8b 43 08 48 8b 00 48 8d 0d b3 69 32 00 80
0x0000000105cfbdde:   39 00 0f 94 c1 0f b6 c9 48 c1 e1 03 48 03 48 10
0x0000000105cfbdee:   41 0f be 44 0c 10 88 c1 41 bd 01 00 00 00 41 d3
0x0000000105cfbdfe:   e5 83 f8 12 77 1e b9 00 8e 05 00 48 0f a3 c1 73 

Register to memory mapping:

RAX=0x00000007a8581018 is an oop
{constMethod} 
 - klass: {other class}
 - method:       0x00000007a8581070 {method} 'saveExcludeConfigXml' '()Ljava/io/File;' in 'org/sonar/plugins/findbugs/FindbugsConfiguration'
 - exceptions:   0x00000007a6401ce8
RBX=0x0000000106495598 is pointing into the stack for thread: 0x00007fa4db000000
RCX=0x001a00050000007f is an unknown value
RDX=0x0000000000000082 is an unknown value
RSP=0x0000000106495520 is pointing into the stack for thread: 0x00007fa4db000000
RBP=0x0000000106495550 is pointing into the stack for thread: 0x00007fa4db000000
RSI=0x0000000000000113 is an unknown value
RDI=0x00007fa4d96000b0 is an unknown value
R8 =0x00007fa4db000000 is a thread
R9 =0x00000001064954b8 is pointing into the stack for thread: 0x00007fa4db000000
R10=0x0000000000000081 is an unknown value
R11=0x0000000075d466c6 is an unknown value
R12=0x0000000000000000 is an unknown value
R13=0x0000000000000000 is an unknown value
R14=0x0000000000000000 is an unknown value
R15=0x00000001064955c0 is pointing into the stack for thread: 0x00007fa4db000000


Stack: [0x0000000106398000,0x0000000106498000],  sp=0x0000000106495520,  free space=1013k
Native frames: (J=compiled Java code, j=interpreted, Vv=VM code, C=native code)
V  [libjvm.dylib+0x3fbdee]
V  [libjvm.dylib+0x3fc734]
V  [libjvm.dylib+0x3fc8a2]
V  [libjvm.dylib+0x25f8bd]
V  [libjvm.dylib+0x25fe92]
V  [libjvm.dylib+0x25fb71]
V  [libjvm.dylib+0x26014a]
V  [libjvm.dylib+0x252b39]
V  [libjvm.dylib+0x1220d7]
v  ~RuntimeStub::fast_new_instance_init_check Runtime1 stub
J  com.google.common.collect.AbstractMultimap.wrapCollection(Ljava/lang/Object;Ljava/util/Collection;)Ljava/util/Collection;
j  com.google.common.collect.ArrayListMultimap.get(Ljava/lang/Object;)Ljava/util/List;+2
j  org.sonar.batch.index.Bucket.addMeasure(Lorg/sonar/api/measures/Measure;)V+11
j  org.sonar.batch.index.DefaultIndex.addMeasure(Lorg/sonar/api/resources/Resource;Lorg/sonar/api/measures/Measure;)Lorg/sonar/api/measures/Measure;+76
j  org.sonar.batch.DefaultSensorContext.saveMeasure(Lorg/sonar/api/resources/Resource;Lorg/sonar/api/measures/Metric;Ljava/lang/Double;)Lorg/sonar/api/measures/Measure;+18
j  org.sonar.plugins.squid.bridges.PackagesBridge.onProject(Lorg/sonar/squid/api/SourceProject;Lorg/sonar/api/resources/Project;)V+18
j  org.sonar.plugins.squid.SquidExecutor.saveProject(Lorg/sonar/plugins/squid/bridges/ResourceIndex;Ljava/util/List;)V+58
j  org.sonar.plugins.squid.SquidExecutor.save(Lorg/sonar/api/resources/Project;Lorg/sonar/api/batch/SensorContext;Lorg/sonar/api/checks/NoSonarFilter;)V+95
j  org.sonar.plugins.squid.SquidSensor.analyzeMainSources(Lorg/sonar/api/resources/Project;Lorg/sonar/api/batch/SensorContext;)V+92
j  org.sonar.plugins.squid.SquidSensor.analyse(Lorg/sonar/api/resources/Project;Lorg/sonar/api/batch/SensorContext;)V+3
j  org.sonar.batch.phases.SensorsExecutor.execute(Lorg/sonar/api/batch/SensorContext;)V+92
j  org.sonar.batch.phases.Phases.execute(Lorg/sonar/api/resources/Project;)V+57
j  org.sonar.batch.bootstrap.ProjectModule.doStart()V+153
j  org.sonar.batch.bootstrap.Module.start()Lorg/sonar/batch/bootstrap/Module;+9
j  org.sonar.batch.bootstrap.BatchModule.analyze(Lorg/sonar/api/resources/Project;)V+55
j  org.sonar.batch.bootstrap.BatchModule.analyze(Lorg/sonar/api/resources/Project;)V+31
j  org.sonar.batch.bootstrap.BatchModule.doStart()V+16
j  org.sonar.batch.bootstrap.Module.start()Lorg/sonar/batch/bootstrap/Module;+9
j  org.sonar.batch.bootstrap.BootstrapModule.doStart()V+28
j  org.sonar.batch.bootstrap.Module.start()Lorg/sonar/batch/bootstrap/Module;+9
j  org.sonar.batch.Batch.execute()V+4
j  org.sonar.maven3.SonarMojo.executeBatch()V+120
j  org.sonar.maven3.SonarMojo.execute()V+5
j  org.codehaus.mojo.sonar.Bootstraper.executeMojo(Lorg/apache/maven/project/MavenProject;Lorg/apache/maven/execution/MavenSession;)V+237
j  org.codehaus.mojo.sonar.Bootstraper.start(Lorg/apache/maven/project/MavenProject;Lorg/apache/maven/execution/MavenSession;)V+3
j  org.codehaus.mojo.sonar.SonarMojo.execute()V+47
j  org.apache.maven.plugin.DefaultBuildPluginManager.executeMojo(Lorg/apache/maven/execution/MavenSession;Lorg/apache/maven/plugin/MojoExecution;)V+101
j  org.apache.maven.lifecycle.internal.MojoExecutor.execute(Lorg/apache/maven/execution/MavenSession;Lorg/apache/maven/plugin/MojoExecution;Lorg/apache/maven/lifecycle/internal/ProjectIndex;Lorg/apache/maven/lifecycle/internal/DependencyContext;)V+215
j  org.apache.maven.lifecycle.internal.MojoExecutor.execute(Lorg/apache/maven/execution/MavenSession;Lorg/apache/maven/plugin/MojoExecution;Lorg/apache/maven/lifecycle/internal/ProjectIndex;Lorg/apache/maven/lifecycle/internal/DependencyContext;Lorg/apache/maven/lifecycle/internal/PhaseRecorder;)V+6
j  org.apache.maven.lifecycle.internal.MojoExecutor.execute(Lorg/apache/maven/execution/MavenSession;Ljava/util/List;Lorg/apache/maven/lifecycle/internal/ProjectIndex;)V+60
j  org.apache.maven.lifecycle.internal.LifecycleModuleBuilder.buildProject(Lorg/apache/maven/execution/MavenSession;Lorg/apache/maven/execution/MavenSession;Lorg/apache/maven/lifecycle/internal/ReactorContext;Lorg/apache/maven/project/MavenProject;Lorg/apache/maven/lifecycle/internal/TaskSegment;)V+107
j  org.apache.maven.lifecycle.internal.LifecycleModuleBuilder.buildProject(Lorg/apache/maven/execution/MavenSession;Lorg/apache/maven/lifecycle/internal/ReactorContext;Lorg/apache/maven/project/MavenProject;Lorg/apache/maven/lifecycle/internal/TaskSegment;)V+7
j  org.apache.maven.lifecycle.internal.LifecycleStarter.singleThreadedBuild(Lorg/apache/maven/execution/MavenSession;Lorg/apache/maven/lifecycle/internal/ReactorContext;Lorg/apache/maven/lifecycle/internal/ProjectBuildList;Ljava/util/List;Lorg/apache/maven/lifecycle/internal/ReactorBuildStatus;)V+77
j  org.apache.maven.lifecycle.internal.LifecycleStarter.execute(Lorg/apache/maven/execution/MavenSession;)V+421
j  org.apache.maven.DefaultMaven.doExecute(Lorg/apache/maven/execution/MavenExecutionRequest;)Lorg/apache/maven/execution/MavenExecutionResult;+585
j  org.apache.maven.DefaultMaven.execute(Lorg/apache/maven/execution/MavenExecutionRequest;)Lorg/apache/maven/execution/MavenExecutionResult;+11
j  org.apache.maven.cli.MavenCli.execute(Lorg/apache/maven/cli/MavenCli$CliRequest;)I+19
j  org.apache.maven.cli.MavenCli.doMain(Lorg/apache/maven/cli/MavenCli$CliRequest;)I+53
j  org.apache.maven.cli.MavenCli.main([Ljava/lang/String;Lorg/codehaus/plexus/classworlds/ClassWorld;)I+18
v  ~StubRoutines::call_stub
V  [libjvm.dylib+0x28a7f3]
V  [libjvm.dylib+0x28a5c0]
V  [libjvm.dylib+0x3f39a6]
V  [libjvm.dylib+0x3f3dfe]
V  [libjvm.dylib+0x2bae17]
j  sun.reflect.NativeMethodAccessorImpl.invoke0(Ljava/lang/reflect/Method;Ljava/lang/Object;[Ljava/lang/Object;)Ljava/lang/Object;+0
j  sun.reflect.NativeMethodAccessorImpl.invoke(Ljava/lang/Object;[Ljava/lang/Object;)Ljava/lang/Object;+87
j  sun.reflect.DelegatingMethodAccessorImpl.invoke(Ljava/lang/Object;[Ljava/lang/Object;)Ljava/lang/Object;+6
j  java.lang.reflect.Method.invoke(Ljava/lang/Object;[Ljava/lang/Object;)Ljava/lang/Object;+57
j  org.codehaus.plexus.classworlds.launcher.Launcher.launchEnhanced([Ljava/lang/String;)V+45
j  org.codehaus.plexus.classworlds.launcher.Launcher.launch([Ljava/lang/String;)V+2
j  org.codehaus.plexus.classworlds.launcher.Launcher.mainWithExitCode([Ljava/lang/String;)I+97
j  org.codehaus.plexus.classworlds.launcher.Launcher.main([Ljava/lang/String;)V+1
v  ~StubRoutines::call_stub
V  [libjvm.dylib+0x28a7f3]
V  [libjvm.dylib+0x28a5c0]
V  [libjvm.dylib+0x2a21b3]
V  [libjvm.dylib+0x29b5f3]
C  [java+0x32c2]  JavaMain+0x9b1
C  [libsystem_c.dylib+0x4e8bf]  _pthread_start+0x14f
C  [libsystem_c.dylib+0x51b75]  thread_start+0xd

Java frames: (J=compiled Java code, j=interpreted, Vv=VM code)
v  ~RuntimeStub::fast_new_instance_init_check Runtime1 stub
J  com.google.common.collect.AbstractMultimap.wrapCollection(Ljava/lang/Object;Ljava/util/Collection;)Ljava/util/Collection;
J  com.google.common.collect.AbstractMultimap.get(Ljava/lang/Object;)Ljava/util/Collection;
j  com.google.common.collect.AbstractListMultimap.get(Ljava/lang/Object;)Ljava/util/List;+2
j  com.google.common.collect.ArrayListMultimap.get(Ljava/lang/Object;)Ljava/util/List;+2
j  org.sonar.batch.index.Bucket.addMeasure(Lorg/sonar/api/measures/Measure;)V+11
j  org.sonar.batch.index.DefaultIndex.addMeasure(Lorg/sonar/api/resources/Resource;Lorg/sonar/api/measures/Measure;)Lorg/sonar/api/measures/Measure;+76
j  org.sonar.batch.DefaultSensorContext.saveMeasure(Lorg/sonar/api/resources/Resource;Lorg/sonar/api/measures/Metric;Ljava/lang/Double;)Lorg/sonar/api/measures/Measure;+18
j  org.sonar.plugins.squid.bridges.PackagesBridge.onProject(Lorg/sonar/squid/api/SourceProject;Lorg/sonar/api/resources/Project;)V+18
j  org.sonar.plugins.squid.SquidExecutor.saveProject(Lorg/sonar/plugins/squid/bridges/ResourceIndex;Ljava/util/List;)V+58
j  org.sonar.plugins.squid.SquidExecutor.save(Lorg/sonar/api/resources/Project;Lorg/sonar/api/batch/SensorContext;Lorg/sonar/api/checks/NoSonarFilter;)V+95
j  org.sonar.plugins.squid.SquidSensor.analyzeMainSources(Lorg/sonar/api/resources/Project;Lorg/sonar/api/batch/SensorContext;)V+92
j  org.sonar.plugins.squid.SquidSensor.analyse(Lorg/sonar/api/resources/Project;Lorg/sonar/api/batch/SensorContext;)V+3
j  org.sonar.batch.phases.SensorsExecutor.execute(Lorg/sonar/api/batch/SensorContext;)V+92
j  org.sonar.batch.phases.Phases.execute(Lorg/sonar/api/resources/Project;)V+57
j  org.sonar.batch.bootstrap.ProjectModule.doStart()V+153
j  org.sonar.batch.bootstrap.Module.start()Lorg/sonar/batch/bootstrap/Module;+9
j  org.sonar.batch.bootstrap.BatchModule.analyze(Lorg/sonar/api/resources/Project;)V+55
j  org.sonar.batch.bootstrap.BatchModule.analyze(Lorg/sonar/api/resources/Project;)V+31
j  org.sonar.batch.bootstrap.BatchModule.doStart()V+16
j  org.sonar.batch.bootstrap.Module.start()Lorg/sonar/batch/bootstrap/Module;+9
j  org.sonar.batch.bootstrap.BootstrapModule.doStart()V+28
j  org.sonar.batch.bootstrap.Module.start()Lorg/sonar/batch/bootstrap/Module;+9
j  org.sonar.batch.Batch.execute()V+4
j  org.sonar.maven3.SonarMojo.executeBatch()V+120
j  org.sonar.maven3.SonarMojo.execute()V+5
j  org.codehaus.mojo.sonar.Bootstraper.executeMojo(Lorg/apache/maven/project/MavenProject;Lorg/apache/maven/execution/MavenSession;)V+237
j  org.codehaus.mojo.sonar.Bootstraper.start(Lorg/apache/maven/project/MavenProject;Lorg/apache/maven/execution/MavenSession;)V+3
j  org.codehaus.mojo.sonar.SonarMojo.execute()V+47
j  org.apache.maven.plugin.DefaultBuildPluginManager.executeMojo(Lorg/apache/maven/execution/MavenSession;Lorg/apache/maven/plugin/MojoExecution;)V+101
j  org.apache.maven.lifecycle.internal.MojoExecutor.execute(Lorg/apache/maven/execution/MavenSession;Lorg/apache/maven/plugin/MojoExecution;Lorg/apache/maven/lifecycle/internal/ProjectIndex;Lorg/apache/maven/lifecycle/internal/DependencyContext;)V+215
j  org.apache.maven.lifecycle.internal.MojoExecutor.execute(Lorg/apache/maven/execution/MavenSession;Lorg/apache/maven/plugin/MojoExecution;Lorg/apache/maven/lifecycle/internal/ProjectIndex;Lorg/apache/maven/lifecycle/internal/DependencyContext;Lorg/apache/maven/lifecycle/internal/PhaseRecorder;)V+6
j  org.apache.maven.lifecycle.internal.MojoExecutor.execute(Lorg/apache/maven/execution/MavenSession;Ljava/util/List;Lorg/apache/maven/lifecycle/internal/ProjectIndex;)V+60
j  org.apache.maven.lifecycle.internal.LifecycleModuleBuilder.buildProject(Lorg/apache/maven/execution/MavenSession;Lorg/apache/maven/execution/MavenSession;Lorg/apache/maven/lifecycle/internal/ReactorContext;Lorg/apache/maven/project/MavenProject;Lorg/apache/maven/lifecycle/internal/TaskSegment;)V+107
j  org.apache.maven.lifecycle.internal.LifecycleModuleBuilder.buildProject(Lorg/apache/maven/execution/MavenSession;Lorg/apache/maven/lifecycle/internal/ReactorContext;Lorg/apache/maven/project/MavenProject;Lorg/apache/maven/lifecycle/internal/TaskSegment;)V+7
j  org.apache.maven.lifecycle.internal.LifecycleStarter.singleThreadedBuild(Lorg/apache/maven/execution/MavenSession;Lorg/apache/maven/lifecycle/internal/ReactorContext;Lorg/apache/maven/lifecycle/internal/ProjectBuildList;Ljava/util/List;Lorg/apache/maven/lifecycle/internal/ReactorBuildStatus;)V+77
j  org.apache.maven.lifecycle.internal.LifecycleStarter.execute(Lorg/apache/maven/execution/MavenSession;)V+421
j  org.apache.maven.DefaultMaven.doExecute(Lorg/apache/maven/execution/MavenExecutionRequest;)Lorg/apache/maven/execution/MavenExecutionResult;+585
j  org.apache.maven.DefaultMaven.execute(Lorg/apache/maven/execution/MavenExecutionRequest;)Lorg/apache/maven/execution/MavenExecutionResult;+11
j  org.apache.maven.cli.MavenCli.execute(Lorg/apache/maven/cli/MavenCli$CliRequest;)I+19
j  org.apache.maven.cli.MavenCli.doMain(Lorg/apache/maven/cli/MavenCli$CliRequest;)I+53
j  org.apache.maven.cli.MavenCli.main([Ljava/lang/String;Lorg/codehaus/plexus/classworlds/ClassWorld;)I+18
v  ~StubRoutines::call_stub
j  sun.reflect.NativeMethodAccessorImpl.invoke0(Ljava/lang/reflect/Method;Ljava/lang/Object;[Ljava/lang/Object;)Ljava/lang/Object;+0
j  sun.reflect.NativeMethodAccessorImpl.invoke(Ljava/lang/Object;[Ljava/lang/Object;)Ljava/lang/Object;+87
j  sun.reflect.DelegatingMethodAccessorImpl.invoke(Ljava/lang/Object;[Ljava/lang/Object;)Ljava/lang/Object;+6
j  java.lang.reflect.Method.invoke(Ljava/lang/Object;[Ljava/lang/Object;)Ljava/lang/Object;+57
j  org.codehaus.plexus.classworlds.launcher.Launcher.launchEnhanced([Ljava/lang/String;)V+45
j  org.codehaus.plexus.classworlds.launcher.Launcher.launch([Ljava/lang/String;)V+2
j  org.codehaus.plexus.classworlds.launcher.Launcher.mainWithExitCode([Ljava/lang/String;)I+97
j  org.codehaus.plexus.classworlds.launcher.Launcher.main([Ljava/lang/String;)V+1
v  ~StubRoutines::call_stub

---------------  P R O C E S S  ---------------

Java Threads: ( => current thread )
  0x00007fa4dcde2000 JavaThread "resolver-5" daemon [_thread_blocked, id=20995, stack(0x000000011353c000,0x000000011363c000)]
  0x00007fa4dc5b2000 JavaThread "resolver-4" daemon [_thread_blocked, id=20739, stack(0x0000000113284000,0x0000000113384000)]
  0x00007fa4dc5b1000 JavaThread "resolver-3" daemon [_thread_blocked, id=20483, stack(0x0000000112f98000,0x0000000113098000)]
  0x00007fa4dc9b4800 JavaThread "resolver-2" daemon [_thread_blocked, id=16903, stack(0x0000000112e95000,0x0000000112f95000)]
  0x00007fa4dcb72000 JavaThread "resolver-1" daemon [_thread_blocked, id=16647, stack(0x0000000112c5e000,0x0000000112d5e000)]
  0x00007fa4d9925800 JavaThread "process reaper" daemon [_thread_blocked, id=19971, stack(0x0000000112afa000,0x0000000112b22000)]
  0x00007fa4d9974000 JavaThread "com.google.inject.internal.util.$Finalizer" daemon [_thread_blocked, id=19459, stack(0x00000001127ca000,0x00000001128ca000)]
  0x00007fa4d985e800 JavaThread "Service Thread" daemon [_thread_blocked, id=18947, stack(0x0000000112243000,0x0000000112343000)]
  0x00007fa4d985d800 JavaThread "C1 CompilerThread2" daemon [_thread_blocked, id=18691, stack(0x0000000112140000,0x0000000112240000)]
  0x00007fa4d985d000 JavaThread "C2 CompilerThread1" daemon [_thread_blocked, id=18435, stack(0x000000011203d000,0x000000011213d000)]
  0x00007fa4d985b800 JavaThread "C2 CompilerThread0" daemon [_thread_blocked, id=18179, stack(0x0000000111f3a000,0x000000011203a000)]
  0x00007fa4d985a800 JavaThread "Signal Dispatcher" daemon [_thread_blocked, id=17923, stack(0x0000000111e37000,0x0000000111f37000)]
  0x00007fa4db0ac800 JavaThread "Finalizer" daemon [_thread_blocked, id=14083, stack(0x0000000111b2d000,0x0000000111c2d000)]
  0x00007fa4db0ab800 JavaThread "Reference Handler" daemon [_thread_blocked, id=13827, stack(0x0000000111a2a000,0x0000000111b2a000)]
=>0x00007fa4db000000 JavaThread "main" [_thread_in_vm, id=7171, stack(0x0000000106398000,0x0000000106498000)]

Other Threads:
  0x00007fa4db051000 VMThread [stack: 0x0000000111927000,0x0000000111a27000] [id=13571]
  0x00007fa4d983f800 WatcherThread [stack: 0x0000000112346000,0x0000000112446000] [id=19203]

VM state:not at safepoint (normal execution)

VM Mutex/Monitor currently owned by a thread: None

Heap
 PSYoungGen      total 364736K, used 43634K [0x00000007e3cb0000, 0x00000007fbed0000, 0x0000000800000000)
  eden space 337536K, 12% used [0x00000007e3cb0000,0x00000007e674c8e8,0x00000007f8650000)
  from space 27200K, 0% used [0x00000007fa200000,0x00000007fa200000,0x00000007fbc90000)
  to   space 28352K, 0% used [0x00000007f8650000,0x00000007f8650000,0x00000007fa200000)
 ParOldGen       total 57728K, used 31120K [0x00000007ab600000, 0x00000007aee60000, 0x00000007e3cb0000)
  object space 57728K, 53% used [0x00000007ab600000,0x00000007ad464140,0x00000007aee60000)
 PSPermGen       total 46208K, used 46067K [0x00000007a6400000, 0x00000007a9120000, 0x00000007ab600000)
  object space 46208K, 99% used [0x00000007a6400000,0x00000007a90fcdf8,0x00000007a9120000)

Code Cache  [0x00000001064ab000, 0x00000001075db000, 0x000000010c4ab000)
 total_blobs=5924 nmethods=5428 adapters=413 free_code_cache=80841Kb largest_free_block=82667968

Compilation events (10 events):
Event: 26.115 Thread 0x00007fa4d985d800 6512       3       org.sonar.squid.indexer.QueryByType::match (9 bytes)
Event: 26.116 Thread 0x00007fa4d985d800 nmethod 6512 0x0000000107347290 code [0x0000000107347400, 0x00000001073476f0]
Event: 26.116 Thread 0x00007fa4d985d800 6513       3       org.sonar.api.resources.Resource::hashCode (8 bytes)
Event: 26.117 Thread 0x00007fa4d985d800 nmethod 6513 0x000000010671a6d0 code [0x000000010671a840, 0x000000010671aa88]
Event: 26.118 Thread 0x00007fa4d985d800 6514       1       org.sonar.api.resources.Resource::isExcluded (5 bytes)
Event: 26.118 Thread 0x00007fa4d985d800 nmethod 6514 0x00000001066158d0 code [0x0000000106615a20, 0x0000000106615b70]
Event: 26.119 Thread 0x00007fa4d985d800 6515       1       org.sonar.batch.index.Bucket::getResource (5 bytes)
Event: 26.119 Thread 0x00007fa4d985d800 nmethod 6515 0x00000001068b4390 code [0x00000001068b44e0, 0x00000001068b4630]
Event: 26.126 Thread 0x00007fa4d985d800 6516       1       org.sonar.api.measures.Metric::getKey (5 bytes)
Event: 26.126 Thread 0x00007fa4d985d800 nmethod 6516 0x00000001066e73d0 code [0x00000001066e7520, 0x00000001066e7670]

GC Heap History (10 events):
Event: 7.558 GC heap before
{Heap before GC invocations=5 (full 0):
 PSYoungGen      total 90368K, used 90352K [0x00000007e3cb0000, 0x00000007e9870000, 0x0000000800000000)
  eden space 86784K, 100% used [0x00000007e3cb0000,0x00000007e9170000,0x00000007e9170000)
  from space 3584K, 99% used [0x00000007e94f0000,0x00000007e986c010,0x00000007e9870000)
  to   space 3584K, 0% used [0x00000007e9170000,0x00000007e9170000,0x00000007e94f0000)
 ParOldGen       total 57728K, used 7302K [0x00000007ab600000, 0x00000007aee60000, 0x00000007e3cb0000)
  object space 57728K, 12% used [0x00000007ab600000,0x00000007abd21938,0x00000007aee60000)
 PSPermGen       total 21248K, used 18623K [0x00000007a6400000, 0x00000007a78c0000, 0x00000007ab600000)
  object space 21248K, 87% used [0x00000007a6400000,0x00000007a762fec8,0x00000007a78c0000)
Event: 7.578 GC heap after
Heap after GC invocations=5 (full 0):
 PSYoungGen      total 90368K, used 3568K [0x00000007e3cb0000, 0x00000007efc30000, 0x0000000800000000)
  eden space 86784K, 0% used [0x00000007e3cb0000,0x00000007e3cb0000,0x00000007e9170000)
  from space 3584K, 99% used [0x00000007e9170000,0x00000007e94ec020,0x00000007e94f0000)
  to   space 11264K, 0% used [0x00000007ef130000,0x00000007ef130000,0x00000007efc30000)
 ParOldGen       total 57728K, used 14174K [0x00000007ab600000, 0x00000007aee60000, 0x00000007e3cb0000)
  object space 57728K, 24% used [0x00000007ab600000,0x00000007ac3d79c8,0x00000007aee60000)
 PSPermGen       total 21248K, used 18623K [0x00000007a6400000, 0x00000007a78c0000, 0x00000007ab600000)
  object space 21248K, 87% used [0x00000007a6400000,0x00000007a762fec8,0x00000007a78c0000)
}
Event: 10.875 GC heap before
{Heap before GC invocations=6 (full 0):
 PSYoungGen      total 90368K, used 90352K [0x00000007e3cb0000, 0x00000007efc30000, 0x0000000800000000)
  eden space 86784K, 100% used [0x00000007e3cb0000,0x00000007e9170000,0x00000007e9170000)
  from space 3584K, 99% used [0x00000007e9170000,0x00000007e94ec020,0x00000007e94f0000)
  to   space 11264K, 0% used [0x00000007ef130000,0x00000007ef130000,0x00000007efc30000)
 ParOldGen       total 57728K, used 14174K [0x00000007ab600000, 0x00000007aee60000, 0x00000007e3cb0000)
  object space 57728K, 24% used [0x00000007ab600000,0x00000007ac3d79c8,0x00000007aee60000)
 PSPermGen       total 31232K, used 31223K [0x00000007a6400000, 0x00000007a8280000, 0x00000007ab600000)
  object space 31232K, 99% used [0x00000007a6400000,0x00000007a827dfb0,0x00000007a8280000)
Event: 10.912 GC heap after
Heap after GC invocations=6 (full 0):
 PSYoungGen      total 180608K, used 11252K [0x00000007e3cb0000, 0x00000007f0470000, 0x0000000800000000)
  eden space 169344K, 0% used [0x00000007e3cb0000,0x00000007e3cb0000,0x00000007ee210000)
  from space 11264K, 99% used [0x00000007ef130000,0x00000007efc2d100,0x00000007efc30000)
  to   space 15488K, 0% used [0x00000007ee210000,0x00000007ee210000,0x00000007ef130000)
 ParOldGen       total 57728K, used 18185K [0x00000007ab600000, 0x00000007aee60000, 0x00000007e3cb0000)
  object space 57728K, 31% used [0x00000007ab600000,0x00000007ac7c2510,0x00000007aee60000)
 PSPermGen       total 31232K, used 31223K [0x00000007a6400000, 0x00000007a8280000, 0x00000007ab600000)
  object space 31232K, 99% used [0x00000007a6400000,0x00000007a827dfb0,0x00000007a8280000)
}
Event: 18.402 GC heap before
{Heap before GC invocations=7 (full 0):
 PSYoungGen      total 180608K, used 180596K [0x00000007e3cb0000, 0x00000007f0470000, 0x0000000800000000)
  eden space 169344K, 100% used [0x00000007e3cb0000,0x00000007ee210000,0x00000007ee210000)
  from space 11264K, 99% used [0x00000007ef130000,0x00000007efc2d100,0x00000007efc30000)
  to   space 15488K, 0% used [0x00000007ee210000,0x00000007ee210000,0x00000007ef130000)
 ParOldGen       total 57728K, used 18185K [0x00000007ab600000, 0x00000007aee60000, 0x00000007e3cb0000)
  object space 57728K, 31% used [0x00000007ab600000,0x00000007ac7c2510,0x00000007aee60000)
 PSPermGen       total 41984K, used 41852K [0x00000007a6400000, 0x00000007a8d00000, 0x00000007ab600000)
  object space 41984K, 99% used [0x00000007a6400000,0x00000007a8cdf320,0x00000007a8d00000)
Event: 18.467 GC heap after
Heap after GC invocations=7 (full 0):
 PSYoungGen      total 184832K, used 15462K [0x00000007e3cb0000, 0x00000007fbc90000, 0x0000000800000000)
  eden space 169344K, 0% used [0x00000007e3cb0000,0x00000007e3cb0000,0x00000007ee210000)
  from space 15488K, 99% used [0x00000007ee210000,0x00000007ef1299e8,0x00000007ef130000)
  to   space 27200K, 0% used [0x00000007fa200000,0x00000007fa200000,0x00000007fbc90000)
 ParOldGen       total 57728K, used 35968K [0x00000007ab600000, 0x00000007aee60000, 0x00000007e3cb0000)
  object space 57728K, 62% used [0x00000007ab600000,0x00000007ad920058,0x00000007aee60000)
 PSPermGen       total 41984K, used 41852K [0x00000007a6400000, 0x00000007a8d00000, 0x00000007ab600000)
  object space 41984K, 99% used [0x00000007a6400000,0x00000007a8cdf320,0x00000007a8d00000)
}
Event: 24.605 GC heap before
{Heap before GC invocations=8 (full 0):
 PSYoungGen      total 184832K, used 83549K [0x00000007e3cb0000, 0x00000007fbc90000, 0x0000000800000000)
  eden space 169344K, 40% used [0x00000007e3cb0000,0x00000007e7f2dd90,0x00000007ee210000)
  from space 15488K, 99% used [0x00000007ee210000,0x00000007ef1299e8,0x00000007ef130000)
  to   space 27200K, 0% used [0x00000007fa200000,0x00000007fa200000,0x00000007fbc90000)
 ParOldGen       total 57728K, used 35968K [0x00000007ab600000, 0x00000007aee60000, 0x00000007e3cb0000)
  object space 57728K, 62% used [0x00000007ab600000,0x00000007ad920058,0x00000007aee60000)
 PSPermGen       total 44288K, used 44163K [0x00000007a6400000, 0x00000007a8f40000, 0x00000007ab600000)
  object space 44288K, 99% used [0x00000007a6400000,0x00000007a8f20d98,0x00000007a8f40000)
Event: 24.675 GC heap after
Heap after GC invocations=8 (full 0):
 PSYoungGen      total 364736K, used 18362K [0x00000007e3cb0000, 0x00000007fbed0000, 0x0000000800000000)
  eden space 337536K, 0% used [0x00000007e3cb0000,0x00000007e3cb0000,0x00000007f8650000)
  from space 27200K, 67% used [0x00000007fa200000,0x00000007fb3ee8d0,0x00000007fbc90000)
  to   space 28352K, 0% used [0x00000007f8650000,0x00000007f8650000,0x00000007fa200000)
 ParOldGen       total 57728K, used 37662K [0x00000007ab600000, 0x00000007aee60000, 0x00000007e3cb0000)
  object space 57728K, 65% used [0x00000007ab600000,0x00000007adac79c0,0x00000007aee60000)
 PSPermGen       total 44288K, used 44163K [0x00000007a6400000, 0x00000007a8f40000, 0x00000007ab600000)
  object space 44288K, 99% used [0x00000007a6400000,0x00000007a8f20d98,0x00000007a8f40000)
}
Event: 24.675 GC heap before
{Heap before GC invocations=9 (full 1):
 PSYoungGen      total 364736K, used 18362K [0x00000007e3cb0000, 0x00000007fbed0000, 0x0000000800000000)
  eden space 337536K, 0% used [0x00000007e3cb0000,0x00000007e3cb0000,0x00000007f8650000)
  from space 27200K, 67% used [0x00000007fa200000,0x00000007fb3ee8d0,0x00000007fbc90000)
  to   space 28352K, 0% used [0x00000007f8650000,0x00000007f8650000,0x00000007fa200000)
 ParOldGen       total 57728K, used 37662K [0x00000007ab600000, 0x00000007aee60000, 0x00000007e3cb0000)
  object space 57728K, 65% used [0x00000007ab600000,0x00000007adac79c0,0x00000007aee60000)
 PSPermGen       total 44288K, used 44163K [0x00000007a6400000, 0x00000007a8f40000, 0x00000007ab600000)
  object space 44288K, 99% used [0x00000007a6400000,0x00000007a8f20d98,0x00000007a8f40000)
Event: 24.973 GC heap after
Heap after GC invocations=9 (full 1):
 PSYoungGen      total 364736K, used 0K [0x00000007e3cb0000, 0x00000007fbed0000, 0x0000000800000000)
  eden space 337536K, 0% used [0x00000007e3cb0000,0x00000007e3cb0000,0x00000007f8650000)
  from space 27200K, 0% used [0x00000007fa200000,0x00000007fa200000,0x00000007fbc90000)
  to   space 28352K, 0% used [0x00000007f8650000,0x00000007f8650000,0x00000007fa200000)
 ParOldGen       total 57728K, used 31120K [0x00000007ab600000, 0x00000007aee60000, 0x00000007e3cb0000)
  object space 57728K, 53% used [0x00000007ab600000,0x00000007ad464140,0x00000007aee60000)
 PSPermGen       total 44288K, used 44126K [0x00000007a6400000, 0x00000007a8f40000, 0x00000007ab600000)
  object space 44288K, 99% used [0x00000007a6400000,0x00000007a8f17840,0x00000007a8f40000)
}

Deoptimization events (10 events):
Event: 25.539 Thread 0x00007fa4db000000 Uncommon trap -58 fr.pc 0x0000000106f33874
Event: 25.548 Thread 0x00007fa4db000000 Uncommon trap -58 fr.pc 0x0000000106cb5d90
Event: 25.548 Thread 0x00007fa4db000000 Uncommon trap -58 fr.pc 0x0000000106f33874
Event: 25.548 Thread 0x00007fa4db000000 Uncommon trap -58 fr.pc 0x0000000106cb5d90
Event: 25.549 Thread 0x00007fa4db000000 Uncommon trap -58 fr.pc 0x0000000106f33874
Event: 25.549 Thread 0x00007fa4db000000 Uncommon trap -58 fr.pc 0x0000000106f33874
Event: 25.882 Thread 0x00007fa4db000000 Uncommon trap -58 fr.pc 0x00000001068d7bec
Event: 25.882 Thread 0x00007fa4db000000 Uncommon trap -58 fr.pc 0x00000001068d7bec
Event: 25.919 Thread 0x00007fa4db000000 Uncommon trap -58 fr.pc 0x00000001068d7bec
Event: 25.920 Thread 0x00007fa4db000000 Uncommon trap -58 fr.pc 0x00000001068d7bec

Internal exceptions (10 events):
Event: 26.123 Thread 0x00007fa4db000000 Threw 0x00000007e61c0830 at /Users/henri/Documents/jenkins/data/jobs/openjdk-jdk8-lambda/workspace/hotspot/src/share/vm/prims/jvm.c
Event: 26.123 Thread 0x00007fa4db000000 Threw 0x00000007e61c1370 at /Users/henri/Documents/jenkins/data/jobs/openjdk-jdk8-lambda/workspace/hotspot/src/share/vm/prims/jvm.c
Event: 26.124 Thread 0x00007fa4db000000 Threw 0x00000007e61cb348 at /Users/henri/Documents/jenkins/data/jobs/openjdk-jdk8-lambda/workspace/hotspot/src/share/vm/prims/jvm.c
Event: 26.124 Thread 0x00007fa4db000000 Threw 0x00000007e61d1820 at /Users/henri/Documents/jenkins/data/jobs/openjdk-jdk8-lambda/workspace/hotspot/src/share/vm/prims/jvm.c
Event: 26.124 Thread 0x00007fa4db000000 Threw 0x00000007e61d2438 at /Users/henri/Documents/jenkins/data/jobs/openjdk-jdk8-lambda/workspace/hotspot/src/share/vm/prims/jvm.c
Event: 26.124 Thread 0x00007fa4db000000 Threw 0x00000007e61d39c0 at /Users/henri/Documents/jenkins/data/jobs/openjdk-jdk8-lambda/workspace/hotspot/src/share/vm/prims/jvm.c
Event: 26.125 Thread 0x00007fa4db000000 Threw 0x00000007e61d5680 at /Users/henri/Documents/jenkins/data/jobs/openjdk-jdk8-lambda/workspace/hotspot/src/share/vm/prims/jvm.c
Event: 26.125 Thread 0x00007fa4db000000 Threw 0x00000007e61d5d90 at /Users/henri/Documents/jenkins/data/jobs/openjdk-jdk8-lambda/workspace/hotspot/src/share/vm/prims/jvm.c
Event: 26.125 Thread 0x00007fa4db000000 Threw 0x00000007e61d68f0 at /Users/henri/Documents/jenkins/data/jobs/openjdk-jdk8-lambda/workspace/hotspot/src/share/vm/prims/jvm.c
Event: 26.125 Thread 0x00007fa4db000000 Threw 0x00000007e61d9558 at /Users/henri/Documents/jenkins/data/jobs/openjdk-jdk8-lambda/workspace/hotspot/src/share/vm/prims/jvm.c

Events (10 events):
Event: 26.124 loading class 0x00007fa4dd30f9e0
Event: 26.124 loading class 0x00007fa4dd30f9e0 done
Event: 26.124 loading class 0x00007fa4dd30f9e0
Event: 26.124 loading class 0x00007fa4dd30f9e0 done
Event: 26.124 loading class 0x00007fa4dd30f9e0
Event: 26.125 loading class 0x00007fa4dd30f9e0 done
Event: 26.125 loading class 0x00007fa4dbddbc90
Event: 26.125 loading class 0x00007fa4dbddbc90 done
Event: 26.125 loading class 0x00007fa4dbddbc90
Event: 26.125 loading class 0x00007fa4dbddbc90 done


Dynamic libraries:
0x0000000005a67000 	/System/Library/Frameworks/Cocoa.framework/Versions/A/Cocoa
0x0000000005a67000 	/System/Library/Frameworks/Security.framework/Versions/A/Security
0x0000000005a67000 	/System/Library/Frameworks/ApplicationServices.framework/Versions/A/ApplicationServices
0x0000000005a67000 	/usr/lib/libz.1.dylib
0x0000000005a67000 	/usr/lib/libSystem.B.dylib
0x0000000005a67000 	/usr/lib/libobjc.A.dylib
0x0000000005a67000 	/System/Library/Frameworks/CoreFoundation.framework/Versions/A/CoreFoundation
0x0000000005a67000 	/System/Library/Frameworks/AppKit.framework/Versions/C/AppKit
0x0000000005a67000 	/System/Library/Frameworks/CoreData.framework/Versions/A/CoreData
0x0000000005a67000 	/System/Library/Frameworks/Foundation.framework/Versions/C/Foundation
0x0000000005a67000 	/System/Library/PrivateFrameworks/RemoteViewServices.framework/Versions/A/RemoteViewServices
0x0000000005a67000 	/System/Library/Frameworks/AudioToolbox.framework/Versions/A/AudioToolbox
0x0000000005a67000 	/System/Library/Frameworks/AudioUnit.framework/Versions/A/AudioUnit
0x0000000005a67000 	/System/Library/PrivateFrameworks/DataDetectorsCore.framework/Versions/A/DataDetectorsCore
0x0000000005a67000 	/System/Library/PrivateFrameworks/DesktopServicesPriv.framework/Versions/A/DesktopServicesPriv
0x0000000005a67000 	/System/Library/Frameworks/Carbon.framework/Versions/A/Frameworks/HIToolbox.framework/Versions/A/HIToolbox
0x0000000005a67000 	/System/Library/Frameworks/QuartzCore.framework/Versions/A/QuartzCore
0x0000000005a67000 	/System/Library/Frameworks/Carbon.framework/Versions/A/Frameworks/SpeechRecognition.framework/Versions/A/SpeechRecognition
0x0000000005a67000 	/usr/lib/libauto.dylib
0x0000000005a67000 	/usr/lib/libicucore.A.dylib
0x0000000005a67000 	/usr/lib/libxml2.2.dylib
0x0000000005a67000 	/System/Library/PrivateFrameworks/CoreUI.framework/Versions/A/CoreUI
0x0000000005a67000 	/System/Library/Frameworks/CoreAudio.framework/Versions/A/CoreAudio
0x0000000005a67000 	/System/Library/Frameworks/DiskArbitration.framework/Versions/A/DiskArbitration
0x0000000005a67000 	/usr/lib/liblangid.dylib
0x0000000005a67000 	/System/Library/PrivateFrameworks/MultitouchSupport.framework/Versions/A/MultitouchSupport
0x0000000005a67000 	/System/Library/Frameworks/IOKit.framework/Versions/A/IOKit
0x0000000005a67000 	/usr/lib/libDiagnosticMessagesClient.dylib
0x0000000005a67000 	/System/Library/Frameworks/CoreServices.framework/Versions/A/CoreServices
0x0000000005a67000 	/System/Library/PrivateFrameworks/PerformanceAnalysis.framework/Versions/A/PerformanceAnalysis
0x0000000005a67000 	/System/Library/PrivateFrameworks/GenerationalStorage.framework/Versions/A/GenerationalStorage
0x0000000005a67000 	/System/Library/Frameworks/OpenGL.framework/Versions/A/OpenGL
0x0000000005a67000 	/System/Library/Frameworks/CoreServices.framework/Versions/A/Frameworks/CFNetwork.framework/Versions/A/CFNetwork
0x0000000005a67000 	/System/Library/Frameworks/SystemConfiguration.framework/Versions/A/SystemConfiguration
0x0000000005a67000 	/usr/lib/libCRFSuite.dylib
0x0000000005a67000 	/usr/lib/libc++.1.dylib
0x0000000005a67000 	/usr/lib/libstdc++.6.dylib
0x0000000005a67000 	/usr/lib/libc++abi.dylib
0x0000000005a67000 	/usr/lib/system/libcache.dylib
0x0000000005a67000 	/usr/lib/system/libcommonCrypto.dylib
0x0000000005a67000 	/usr/lib/system/libcompiler_rt.dylib
0x0000000005a67000 	/usr/lib/system/libcopyfile.dylib
0x0000000005a67000 	/usr/lib/system/libdispatch.dylib
0x0000000005a67000 	/usr/lib/system/libdnsinfo.dylib
0x0000000005a67000 	/usr/lib/system/libdyld.dylib
0x0000000005a67000 	/usr/lib/system/libkeymgr.dylib
0x0000000005a67000 	/usr/lib/system/liblaunch.dylib
0x0000000005a67000 	/usr/lib/system/libmacho.dylib
0x0000000005a67000 	/usr/lib/system/libmathCommon.A.dylib
0x0000000005a67000 	/usr/lib/system/libquarantine.dylib
0x0000000005a67000 	/usr/lib/system/libremovefile.dylib
0x0000000005a67000 	/usr/lib/system/libsystem_blocks.dylib
0x0000000005a67000 	/usr/lib/system/libsystem_c.dylib
0x0000000005a67000 	/usr/lib/system/libsystem_dnssd.dylib
0x0000000005a67000 	/usr/lib/system/libsystem_info.dylib
0x0000000005a67000 	/usr/lib/system/libsystem_kernel.dylib
0x0000000005a67000 	/usr/lib/system/libsystem_network.dylib
0x0000000005a67000 	/usr/lib/system/libsystem_notify.dylib
0x0000000005a67000 	/usr/lib/system/libsystem_sandbox.dylib
0x0000000005a67000 	/usr/lib/system/libunc.dylib
0x0000000005a67000 	/usr/lib/system/libunwind.dylib
0x0000000005a67000 	/usr/lib/system/libxpc.dylib
0x0000000005a67000 	/usr/lib/libbsm.0.dylib
0x0000000005a67000 	/usr/lib/libsqlite3.dylib
0x0000000005a67000 	/usr/lib/libpam.2.dylib
0x0000000005a67000 	/usr/lib/libxar-nossl.dylib
0x0000000005a67000 	/usr/lib/libbz2.1.0.dylib
0x0000000005a67000 	/System/Library/Frameworks/CoreServices.framework/Versions/A/Frameworks/CarbonCore.framework/Versions/A/CarbonCore
0x0000000005a67000 	/System/Library/Frameworks/CoreServices.framework/Versions/A/Frameworks/Metadata.framework/Versions/A/Metadata
0x0000000005a67000 	/System/Library/Frameworks/CoreServices.framework/Versions/A/Frameworks/OSServices.framework/Versions/A/OSServices
0x0000000005a67000 	/System/Library/Frameworks/CoreServices.framework/Versions/A/Frameworks/SearchKit.framework/Versions/A/SearchKit
0x0000000005a67000 	/System/Library/Frameworks/CoreServices.framework/Versions/A/Frameworks/AE.framework/Versions/A/AE
0x0000000005a67000 	/System/Library/Frameworks/CoreServices.framework/Versions/A/Frameworks/LaunchServices.framework/Versions/A/LaunchServices
0x0000000005a67000 	/System/Library/Frameworks/CoreServices.framework/Versions/A/Frameworks/DictionaryServices.framework/Versions/A/DictionaryServices
0x0000000005a67000 	/System/Library/Frameworks/NetFS.framework/Versions/A/NetFS
0x0000000005a67000 	/usr/lib/system/libkxld.dylib
0x0000000005a67000 	/System/Library/PrivateFrameworks/NetAuth.framework/Versions/A/NetAuth
0x0000000005a67000 	/usr/lib/libcrypto.0.9.8.dylib
0x0000000005a67000 	/System/Library/PrivateFrameworks/TrustEvaluationAgent.framework/Versions/A/TrustEvaluationAgent
0x0000000005a67000 	/System/Library/Frameworks/OpenDirectory.framework/Versions/A/Frameworks/CFOpenDirectory.framework/Versions/A/CFOpenDirectory
0x0000000005a67000 	/usr/lib/libxslt.1.dylib
0x0000000005a67000 	/System/Library/PrivateFrameworks/FamilyControls.framework/Versions/A/FamilyControls
0x0000000005a67000 	/System/Library/Frameworks/Carbon.framework/Versions/A/Frameworks/Ink.framework/Versions/A/Ink
0x0000000005a67000 	/System/Library/Frameworks/ApplicationServices.framework/Versions/A/Frameworks/CoreGraphics.framework/Versions/A/CoreGraphics
0x0000000005a67000 	/System/Library/Frameworks/ApplicationServices.framework/Versions/A/Frameworks/ImageIO.framework/Versions/A/ImageIO
0x0000000005a67000 	/System/Library/Frameworks/ApplicationServices.framework/Versions/A/Frameworks/CoreText.framework/Versions/A/CoreText
0x0000000005a67000 	/System/Library/Frameworks/ApplicationServices.framework/Versions/A/Frameworks/ATS.framework/Versions/A/ATS
0x0000000005a67000 	/System/Library/Frameworks/ApplicationServices.framework/Versions/A/Frameworks/ColorSync.framework/Versions/A/ColorSync
0x0000000005a67000 	/System/Library/Frameworks/ApplicationServices.framework/Versions/A/Frameworks/HIServices.framework/Versions/A/HIServices
0x0000000005a67000 	/System/Library/Frameworks/ApplicationServices.framework/Versions/A/Frameworks/LangAnalysis.framework/Versions/A/LangAnalysis
0x0000000005a67000 	/System/Library/Frameworks/ApplicationServices.framework/Versions/A/Frameworks/PrintCore.framework/Versions/A/PrintCore
0x0000000005a67000 	/System/Library/Frameworks/ApplicationServices.framework/Versions/A/Frameworks/QD.framework/Versions/A/QD
0x0000000005a67000 	/System/Library/Frameworks/ApplicationServices.framework/Versions/A/Frameworks/SpeechSynthesis.framework/Versions/A/SpeechSynthesis
0x0000000005a67000 	/System/Library/Frameworks/IOSurface.framework/Versions/A/IOSurface
0x0000000005a67000 	/System/Library/Frameworks/Accelerate.framework/Versions/A/Accelerate
0x0000000005a67000 	/System/Library/Frameworks/ApplicationServices.framework/Versions/A/Frameworks/ImageIO.framework/Versions/A/Resources/libJPEG.dylib
0x0000000005a67000 	/System/Library/Frameworks/ApplicationServices.framework/Versions/A/Frameworks/ImageIO.framework/Versions/A/Resources/libTIFF.dylib
0x0000000005a67000 	/System/Library/Frameworks/ApplicationServices.framework/Versions/A/Frameworks/ImageIO.framework/Versions/A/Resources/libPng.dylib
0x0000000005a67000 	/System/Library/Frameworks/ApplicationServices.framework/Versions/A/Frameworks/ImageIO.framework/Versions/A/Resources/libGIF.dylib
0x0000000005a67000 	/System/Library/Frameworks/ApplicationServices.framework/Versions/A/Frameworks/ImageIO.framework/Versions/A/Resources/libJP2.dylib
0x0000000005a67000 	/System/Library/Frameworks/ApplicationServices.framework/Versions/A/Frameworks/ImageIO.framework/Versions/A/Resources/libRadiance.dylib
0x0000000005a67000 	/System/Library/Frameworks/Accelerate.framework/Versions/A/Frameworks/vImage.framework/Versions/A/vImage
0x0000000005a67000 	/System/Library/Frameworks/Accelerate.framework/Versions/A/Frameworks/vecLib.framework/Versions/A/vecLib
0x0000000005a67000 	/System/Library/Frameworks/Accelerate.framework/Versions/A/Frameworks/vecLib.framework/Versions/A/libvDSP.dylib
0x0000000005a67000 	/System/Library/Frameworks/Accelerate.framework/Versions/A/Frameworks/vecLib.framework/Versions/A/libvMisc.dylib
0x0000000005a67000 	/System/Library/Frameworks/Accelerate.framework/Versions/A/Frameworks/vecLib.framework/Versions/A/libLAPACK.dylib
0x0000000005a67000 	/System/Library/Frameworks/Accelerate.framework/Versions/A/Frameworks/vecLib.framework/Versions/A/libBLAS.dylib
0x0000000005a67000 	/System/Library/Frameworks/ApplicationServices.framework/Versions/A/Frameworks/ATS.framework/Versions/A/Resources/libFontParser.dylib
0x0000000005a67000 	/System/Library/Frameworks/ApplicationServices.framework/Versions/A/Frameworks/ATS.framework/Versions/A/Resources/libFontRegistry.dylib
0x0000000005a67000 	/usr/lib/libcups.2.dylib
0x0000000005a67000 	/System/Library/Frameworks/Kerberos.framework/Versions/A/Kerberos
0x0000000005a67000 	/System/Library/Frameworks/GSS.framework/Versions/A/GSS
0x0000000005a67000 	/usr/lib/libresolv.9.dylib
0x0000000005a67000 	/usr/lib/libiconv.2.dylib
0x0000000005a67000 	/System/Library/PrivateFrameworks/Heimdal.framework/Versions/A/Heimdal
0x0000000005a67000 	/System/Library/Frameworks/OpenDirectory.framework/Versions/A/OpenDirectory
0x0000000005a67000 	/System/Library/PrivateFrameworks/CommonAuth.framework/Versions/A/CommonAuth
0x0000000005a67000 	/System/Library/Frameworks/CoreVideo.framework/Versions/A/CoreVideo
0x0000000005a67000 	/System/Library/Frameworks/QuartzCore.framework/Versions/A/Frameworks/CoreImage.framework/Versions/A/CoreImage
0x0000000005a67000 	/System/Library/Frameworks/QuartzCore.framework/Versions/A/Frameworks/ScalableUserInterface.framework/Versions/A/ScalableUserInterface
0x0000000005a67000 	/System/Library/Frameworks/OpenGL.framework/Versions/A/Libraries/libGLU.dylib
0x0000000005a67000 	/System/Library/Frameworks/OpenGL.framework/Versions/A/Libraries/libGFXShared.dylib
0x0000000005a67000 	/System/Library/Frameworks/OpenGL.framework/Versions/A/Libraries/libGL.dylib
0x0000000005a67000 	/System/Library/Frameworks/OpenGL.framework/Versions/A/Libraries/libGLImage.dylib
0x0000000005a67000 	/System/Library/Frameworks/OpenGL.framework/Versions/A/Libraries/libCVMSPluginSupport.dylib
0x0000000005a67000 	/System/Library/Frameworks/OpenGL.framework/Versions/A/Libraries/libCoreVMClient.dylib
0x0000000005a67000 	/System/Library/Frameworks/OpenCL.framework/Versions/A/OpenCL
0x0000000005a67000 	/System/Library/PrivateFrameworks/FaceCoreLight.framework/Versions/A/FaceCoreLight
0x0000000005a67000 	/System/Library/Frameworks/vecLib.framework/Versions/A/vecLib
0x0000000005a67000 	/System/Library/Frameworks/SecurityFoundation.framework/Versions/A/SecurityFoundation
0x0000000005a67000 	/System/Library/PrivateFrameworks/CommerceKit.framework/Versions/A/Frameworks/CommerceCore.framework/Versions/A/CommerceCore
0x0000000005a67000 	/System/Library/PrivateFrameworks/CoreSymbolication.framework/Versions/A/CoreSymbolication
0x0000000005a67000 	/System/Library/PrivateFrameworks/Symbolication.framework/Versions/A/Symbolication
0x0000000005a67000 	/System/Library/PrivateFrameworks/DebugSymbols.framework/Versions/A/DebugSymbols
0x0000000105900000 	/Library/Java/JavaVirtualMachines/1.8.0-lambda.jdk/Contents/Home/jre/lib/server/libjvm.dylib
0x00000001057bf000 	/Library/Java/JavaVirtualMachines/1.8.0-lambda.jdk/Contents/Home/jre/lib/libverify.dylib
0x00000001057cc000 	/Library/Java/JavaVirtualMachines/1.8.0-lambda.jdk/Contents/Home/jre/lib/libjava.dylib
0x00000001064a2000 	/Library/Java/JavaVirtualMachines/1.8.0-lambda.jdk/Contents/Home/jre/lib/libzip.dylib
0x0000000111c2f000 	/System/Library/Frameworks/JavaVM.framework/Frameworks/JavaRuntimeSupport.framework/JavaRuntimeSupport
0x0000000111c47000 	/System/Library/Frameworks/JavaVM.framework/Versions/A/Frameworks/JavaNativeFoundation.framework/Versions/A/JavaNativeFoundation
0x0000000111c5c000 	/System/Library/Frameworks/JavaVM.framework/Versions/A/JavaVM
0x0000000005a67000 	/System/Library/Frameworks/Carbon.framework/Versions/A/Carbon
0x0000000111c69000 	/System/Library/PrivateFrameworks/JavaLaunching.framework/Versions/A/JavaLaunching
0x0000000005a67000 	/System/Library/Frameworks/Carbon.framework/Versions/A/Frameworks/CommonPanels.framework/Versions/A/CommonPanels
0x0000000005a67000 	/System/Library/Frameworks/Carbon.framework/Versions/A/Frameworks/Help.framework/Versions/A/Help
0x0000000005a67000 	/System/Library/Frameworks/Carbon.framework/Versions/A/Frameworks/ImageCapture.framework/Versions/A/ImageCapture
0x0000000005a67000 	/System/Library/Frameworks/Carbon.framework/Versions/A/Frameworks/OpenScripting.framework/Versions/A/OpenScripting
0x0000000005a67000 	/System/Library/Frameworks/Carbon.framework/Versions/A/Frameworks/Print.framework/Versions/A/Print
0x0000000005a67000 	/System/Library/Frameworks/Carbon.framework/Versions/A/Frameworks/SecurityHI.framework/Versions/A/SecurityHI
0x0000000112520000 	/Library/Java/JavaVirtualMachines/1.8.0-lambda.jdk/Contents/Home/jre/lib/libnio.dylib
0x000000011252f000 	/Library/Java/JavaVirtualMachines/1.8.0-lambda.jdk/Contents/Home/jre/lib/./libnet.dylib
0x00000001125a1000 	/Library/Java/JavaVirtualMachines/1.8.0-lambda.jdk/Contents/Home/jre/lib/libsunec.dylib

VM Arguments:
jvm_args: -Dclassworlds.conf=/usr/share/maven/bin/m2.conf -Dmaven.home=/usr/share/maven 
java_command: org.codehaus.plexus.classworlds.launcher.Launcher sonar:sonar
Launcher Type: SUN_STANDARD

Environment Variables:
JAVA_HOME=/Library/Java/JavaVirtualMachines/1.8.0-lambda.jdk/Contents/Home/
PATH=/opt/local/bin:/opt/local/sbin:/opt/local/bin:/opt/local/sbin:/usr/bin:/bin:/usr/sbin:/sbin:/usr/local/bin:/usr/X11/bin:/usr/local/git/bin:/usr/texbin:/usr/local/git/bin/
SHELL=/bin/bash
DISPLAY=/tmp/launch-BgCkLM/org.x:0

Signal Handlers:
SIGSEGV: [libjvm.dylib+0x49fc63], sa_mask[0]=0xfffefeff, sa_flags=0x00000042
SIGBUS: [libjvm.dylib+0x49fc63], sa_mask[0]=0xfffefeff, sa_flags=0x00000042
SIGFPE: [libjvm.dylib+0x3b1819], sa_mask[0]=0xfffefeff, sa_flags=0x00000042
SIGPIPE: [libjvm.dylib+0x3b1819], sa_mask[0]=0xfffefeff, sa_flags=0x00000042
SIGXFSZ: [libjvm.dylib+0x3b1819], sa_mask[0]=0xfffefeff, sa_flags=0x00000042
SIGILL: [libjvm.dylib+0x3b1819], sa_mask[0]=0xfffefeff, sa_flags=0x00000042
SIGUSR1: SIG_DFL, sa_mask[0]=0x63807efb, sa_flags=0x00000000
SIGUSR2: [libjvm.dylib+0x3b13b2], sa_mask[0]=0x00000000, sa_flags=0x00000042
SIGHUP: [libjvm.dylib+0x3af5df], sa_mask[0]=0xfffefeff, sa_flags=0x00000042
SIGINT: [libjvm.dylib+0x3af5df], sa_mask[0]=0xfffefeff, sa_flags=0x00000042
SIGTERM: [libjvm.dylib+0x3af5df], sa_mask[0]=0xfffefeff, sa_flags=0x00000042
SIGQUIT: [libjvm.dylib+0x3af5df], sa_mask[0]=0xfffefeff, sa_flags=0x00000042


---------------  S Y S T E M  ---------------

OS:Bsd
uname:Darwin 11.4.0 Darwin Kernel Version 11.4.0: Mon Apr  9 19:32:15 PDT 2012; root:xnu-1699.26.8~1/RELEASE_X86_64 x86_64
rlimit: STACK 8192k, CORE 0k, NPROC 709, NOFILE 10240
CPU:total 4 (2 cores per cpu, 2 threads per core) family 6 model 37 stepping 5, cmov, cx8, fxsr, mmx, sse, sse2, sse3, ssse3, sse4.1, sse4.2, popcnt, ht, tsc, tscinvbit

Memory: 4k page, physical 5540508k(1385127k free)

/proc/meminfo:


vm_info: OpenJDK 64-Bit Server VM (24.0-b04) for bsd-amd64 JRE (1.8.0-jdk8-b30-20120403), built on Apr  3 2012 12:28:16 by "henri" with gcc 4.2.1 (Based on Apple Inc. build 5658) (LLVM build 2336.9.00)

time: Mon Jul 30 23:23:34 2012
elapsed time: 26 seconds

